11:02:44 **** Incremental Build of configuration Release for project PTM-Lab1.3 ****
make all 
Building file: ../main.c
Invoking: AVR Compiler
avr-gcc -Wall -Os -fpack-struct -fshort-enums -ffunction-sections -fdata-sections -std=gnu99 -funsigned-char -funsigned-bitfields -mmcu=atmega32 -DF_CPU=8000000UL -MMD -MP -MF"main.d" -MT"main.o" -c -o "main.o" "../main.c"
Finished building: ../main.c
 
Building target: PTM-Lab1.3.elf
Invoking: AVR C Linker
avr-gcc -Wl,-Map,PTM-Lab1.3.map -mmcu=atmega32 -o "PTM-Lab1.3.elf"  ./.metadata/.plugins/org.eclipse.cdt.make.core/specs.o  ./main.o   
Finished building target: PTM-Lab1.3.elf
 
Invoking: AVR Create Extended Listing
avr-objdump -h -S PTM-Lab1.3.elf  >"PTM-Lab1.3.lss"
Finished building: PTM-Lab1.3.lss
 
Create Flash image (ihex format)
avr-objcopy -R .eeprom -R .fuse -R .lock -R .signature -O ihex PTM-Lab1.3.elf  "PTM-Lab1.3.hex"
Finished building: PTM-Lab1.3.hex
 
Create eeprom image (ihex format)
avr-objcopy -j .eeprom --no-change-warnings --change-section-lma .eeprom=0 -O ihex PTM-Lab1.3.elf  "PTM-Lab1.3.eep"
Finished building: PTM-Lab1.3.eep
 
Invoking: Print Size
avr-size --format=avr --mcu=atmega32 PTM-Lab1.3.elf
AVR Memory Usage
----------------
Device: atmega32

Program:     412 bytes (1.3% Full)
(.text + .data + .bootloader)

Data:         22 bytes (1.1% Full)
(.data + .bss + .noinit)


Finished building: sizedummy
 

11:02:46 Build Finished. 0 errors, 0 warnings. (took 2s.623ms)

