13:39:22 **** Incremental Build of configuration Release for project PTM-Lab1.4 ****
make all 
Building file: ../main.c
Invoking: AVR Compiler
avr-gcc -Wall -Os -fpack-struct -fshort-enums -ffunction-sections -fdata-sections -std=gnu99 -funsigned-char -funsigned-bitfields -mmcu=atmega32 -DF_CPU=8000000UL -MMD -MP -MF"main.d" -MT"main.o" -c -o "main.o" "../main.c"
Finished building: ../main.c
 
Building target: PTM-Lab1.4.elf
Invoking: AVR C Linker
avr-gcc -Wl,-Map,PTM-Lab1.4.map -mmcu=atmega32 -o "PTM-Lab1.4.elf"  ./.metadata/.plugins/org.eclipse.cdt.make.core/specs.o  ./HD44780.o ./main.o   
Finished building target: PTM-Lab1.4.elf
 
Invoking: AVR Create Extended Listing
avr-objdump -h -S PTM-Lab1.4.elf  >"PTM-Lab1.4.lss"
Finished building: PTM-Lab1.4.lss
 
Create Flash image (ihex format)
avr-objcopy -R .eeprom -R .fuse -R .lock -R .signature -O ihex PTM-Lab1.4.elf  "PTM-Lab1.4.hex"
Finished building: PTM-Lab1.4.hex
 
Create eeprom image (ihex format)
avr-objcopy -j .eeprom --no-change-warnings --change-section-lma .eeprom=0 -O ihex PTM-Lab1.4.elf  "PTM-Lab1.4.eep"
Finished building: PTM-Lab1.4.eep
 
Invoking: Print Size
avr-size --format=avr --mcu=atmega32 PTM-Lab1.4.elf
AVR Memory Usage
----------------
Device: atmega32

Program:    2440 bytes (7.4% Full)
(.text + .data + .bootloader)

Data:         18 bytes (0.9% Full)
(.data + .bss + .noinit)


Finished building: sizedummy
 

13:39:22 Build Finished. 0 errors, 0 warnings. (took 615ms)

