22:30:11 **** Clean-only build of configuration Release for project AVR-testowy ****
make clean 
rm -rf  AVR-testowy.hex  ./main.o  AVR-testowy.eep  sizedummy  AVR-testowy.lss  ./main.d  AVR-testowy.elf
 
22:30:12 **** Build of configuration Release for project AVR-testowy ****
make all 
Building file: ../main.c
Invoking: AVR Compiler
avr-gcc -Wall -Os -fpack-struct -fshort-enums -ffunction-sections -fdata-sections -std=gnu99 -funsigned-char -funsigned-bitfields -mmcu=atmega32 -DF_CPU=8000000UL -MMD -MP -MF"main.d" -MT"main.o" -c -o "main.o" "../main.c"
make: *** [main.o] Error -1073741502
"make all" terminated with exit code 2. Build might be incomplete.
22:39:45 **** Build of configuration Release for project AVR-testowy ****
make all 
Building file: ../main.c
Invoking: AVR Compiler
avr-gcc -Wall -Os -fpack-struct -fshort-enums -ffunction-sections -fdata-sections -std=gnu99 -funsigned-char -funsigned-bitfields -mmcu=atmega32 -DF_CPU=8000000UL -MMD -MP -MF"main.d" -MT"main.o" -c -o "main.o" "../main.c"
make: *** [main.o] Error -1073741502
"make all" terminated with exit code 2. Build might be incomplete.
22:41:00 **** Incremental Build of configuration Release for project AVR-testowy ****
make all 
Building file: ../main.c
Invoking: AVR Compiler
avr-gcc -Wall -Os -fpack-struct -fshort-enums -ffunction-sections -fdata-sections -std=gnu99 -funsigned-char -funsigned-bitfields -mmcu=atmega32 -DF_CPU=8000000UL -MMD -MP -MF"main.d" -MT"main.o" -c -o "main.o" "../main.c"
make: *** [main.o] Error -1073741502
"make all" terminated with exit code 2. Build might be incomplete.
22:42:26 **** Build of configuration Release for project AVR-testowy ****
make all 
Building file: ../main.c
Invoking: AVR Compiler
avr-gcc -Wall -Os -fpack-struct -fshort-enums -ffunction-sections -fdata-sections -std=gnu99 -funsigned-char -funsigned-bitfields -mmcu=atmega32 -DF_CPU=8000000UL -MMD -MP -MF"main.d" -MT"main.o" -c -o "main.o" "../main.c"
make: *** [main.o] Error -1073741502
"make all" terminated with exit code 2. Build might be incomplete.
22:59:47 **** Incremental Build of configuration Release for project AVR-testowy ****
make all 
Building file: ../main.c
Invoking: AVR Compiler
avr-gcc -Wall -Os -fpack-struct -fshort-enums -ffunction-sections -fdata-sections -std=gnu99 -funsigned-char -funsigned-bitfields -mmcu=atmega32 -DF_CPU=8000000UL -MMD -MP -MF"main.d" -MT"main.o" -c -o "main.o" "../main.c"
make: *** [main.o] Error -1073741502
"make all" terminated with exit code 2. Build might be incomplete.
23:03:02 **** Incremental Build of configuration Release for project AVR-testowy ****
make all 
Building file: ../main.c
Invoking: AVR Compiler
avr-gcc -Wall -Os -fpack-struct -fshort-enums -ffunction-sections -fdata-sections -std=gnu99 -funsigned-char -funsigned-bitfields -mmcu=atmega32 -DF_CPU=8000000UL -MMD -MP -MF"main.d" -MT"main.o" -c -o "main.o" "../main.c"
Finished building: ../main.c
 
Building target: AVR-testowy.elf
Invoking: AVR C Linker
avr-gcc -Wl,-Map,AVR-testowy.map -mmcu=atmega32 -o "AVR-testowy.elf"  ./main.o   
Finished building target: AVR-testowy.elf
 
Invoking: AVR Create Extended Listing
avr-objdump -h -S AVR-testowy.elf  >"AVR-testowy.lss"
Finished building: AVR-testowy.lss
 
Create Flash image (ihex format)
avr-objcopy -R .eeprom -R .fuse -R .lock -R .signature -O ihex AVR-testowy.elf  "AVR-testowy.hex"
Finished building: AVR-testowy.hex
 
Create eeprom image (ihex format)
avr-objcopy -j .eeprom --no-change-warnings --change-section-lma .eeprom=0 -O ihex AVR-testowy.elf  "AVR-testowy.eep"
Finished building: AVR-testowy.eep
 
Invoking: Print Size
avr-size --format=avr --mcu=atmega32 AVR-testowy.elf
AVR Memory Usage
----------------
Device: atmega32

Program:     152 bytes (0.5% Full)
(.text + .data + .bootloader)

Data:          0 bytes (0.0% Full)
(.data + .bss + .noinit)


Finished building: sizedummy
 
23:04:05 **** Incremental Build of configuration Release for project AVR-testowy ****
make all 
Building file: ../main.c
Invoking: AVR Compiler
avr-gcc -Wall -Os -fpack-struct -fshort-enums -ffunction-sections -fdata-sections -std=gnu99 -funsigned-char -funsigned-bitfields -mmcu=atmega32 -DF_CPU=8000000UL -MMD -MP -MF"main.d" -MT"main.o" -c -o "main.o" "../main.c"
Finished building: ../main.c
 
Building target: AVR-testowy.elf
Invoking: AVR C Linker
avr-gcc -Wl,-Map,AVR-testowy.map -mmcu=atmega32 -o "AVR-testowy.elf"  ./main.o   
Finished building target: AVR-testowy.elf
 
Invoking: AVR Create Extended Listing
avr-objdump -h -S AVR-testowy.elf  >"AVR-testowy.lss"
Finished building: AVR-testowy.lss
 
Create Flash image (ihex format)
avr-objcopy -R .eeprom -R .fuse -R .lock -R .signature -O ihex AVR-testowy.elf  "AVR-testowy.hex"
Finished building: AVR-testowy.hex
 
Create eeprom image (ihex format)
avr-objcopy -j .eeprom --no-change-warnings --change-section-lma .eeprom=0 -O ihex AVR-testowy.elf  "AVR-testowy.eep"
Finished building: AVR-testowy.eep
 
Invoking: Print Size
avr-size --format=avr --mcu=atmega32 AVR-testowy.elf
AVR Memory Usage
----------------
Device: atmega32

Program:     152 bytes (0.5% Full)
(.text + .data + .bootloader)

Data:          0 bytes (0.0% Full)
(.data + .bss + .noinit)


Finished building: sizedummy
 
23:04:40 **** Incremental Build of configuration Release for project AVR-testowy ****
make all 
Building file: ../main.c
Invoking: AVR Compiler
avr-gcc -Wall -Os -fpack-struct -fshort-enums -ffunction-sections -fdata-sections -std=gnu99 -funsigned-char -funsigned-bitfields -mmcu=atmega32 -DF_CPU=8000000UL -MMD -MP -MF"main.d" -MT"main.o" -c -o "main.o" "../main.c"
Finished building: ../main.c
 
Building target: AVR-testowy.elf
Invoking: AVR C Linker
avr-gcc -Wl,-Map,AVR-testowy.map -mmcu=atmega32 -o "AVR-testowy.elf"  ./main.o   
Finished building target: AVR-testowy.elf
 
Invoking: AVR Create Extended Listing
avr-objdump -h -S AVR-testowy.elf  >"AVR-testowy.lss"
Finished building: AVR-testowy.lss
 
Create Flash image (ihex format)
avr-objcopy -R .eeprom -R .fuse -R .lock -R .signature -O ihex AVR-testowy.elf  "AVR-testowy.hex"
Finished building: AVR-testowy.hex
 
Create eeprom image (ihex format)
avr-objcopy -j .eeprom --no-change-warnings --change-section-lma .eeprom=0 -O ihex AVR-testowy.elf  "AVR-testowy.eep"
Finished building: AVR-testowy.eep
 
Invoking: Print Size
avr-size --format=avr --mcu=atmega32 AVR-testowy.elf
AVR Memory Usage
----------------
Device: atmega32

Program:     152 bytes (0.5% Full)
(.text + .data + .bootloader)

Data:          0 bytes (0.0% Full)
(.data + .bss + .noinit)


Finished building: sizedummy
 
23:23:43 **** Incremental Build of configuration Release for project AVR-testowy ****
make all 
Building file: ../main.c
Invoking: AVR Compiler
avr-gcc -Wall -Os -fpack-struct -fshort-enums -ffunction-sections -fdata-sections -std=gnu99 -funsigned-char -funsigned-bitfields -mmcu=atmega32 -DF_CPU=8000000UL -MMD -MP -MF"main.d" -MT"main.o" -c -o "main.o" "../main.c"
../main.c: In function 'main':
../main.c:26: warning: large integer implicitly truncated to unsigned type
Finished building: ../main.c
 
Building target: AVR-testowy.elf
Invoking: AVR C Linker
avr-gcc -Wl,-Map,AVR-testowy.map -mmcu=atmega32 -o "AVR-testowy.elf"  ./main.o   
Finished building target: AVR-testowy.elf
 
Invoking: AVR Create Extended Listing
avr-objdump -h -S AVR-testowy.elf  >"AVR-testowy.lss"
Finished building: AVR-testowy.lss
 
Create Flash image (ihex format)
avr-objcopy -R .eeprom -R .fuse -R .lock -R .signature -O ihex AVR-testowy.elf  "AVR-testowy.hex"
Finished building: AVR-testowy.hex
 
Create eeprom image (ihex format)
avr-objcopy -j .eeprom --no-change-warnings --change-section-lma .eeprom=0 -O ihex AVR-testowy.elf  "AVR-testowy.eep"
Finished building: AVR-testowy.eep
 
Invoking: Print Size
avr-size --format=avr --mcu=atmega32 AVR-testowy.elf
AVR Memory Usage
----------------
Device: atmega32

Program:     158 bytes (0.5% Full)
(.text + .data + .bootloader)

Data:          0 bytes (0.0% Full)
(.data + .bss + .noinit)


Finished building: sizedummy
 
23:24:29 **** Incremental Build of configuration Release for project AVR-testowy ****
make all 
Building file: ../main.c
Invoking: AVR Compiler
avr-gcc -Wall -Os -fpack-struct -fshort-enums -ffunction-sections -fdata-sections -std=gnu99 -funsigned-char -funsigned-bitfields -mmcu=atmega32 -DF_CPU=8000000UL -MMD -MP -MF"main.d" -MT"main.o" -c -o "main.o" "../main.c"
Finished building: ../main.c
 
Building target: AVR-testowy.elf
Invoking: AVR C Linker
avr-gcc -Wl,-Map,AVR-testowy.map -mmcu=atmega32 -o "AVR-testowy.elf"  ./main.o   
Finished building target: AVR-testowy.elf
 
Invoking: AVR Create Extended Listing
avr-objdump -h -S AVR-testowy.elf  >"AVR-testowy.lss"
Finished building: AVR-testowy.lss
 
Create Flash image (ihex format)
avr-objcopy -R .eeprom -R .fuse -R .lock -R .signature -O ihex AVR-testowy.elf  "AVR-testowy.hex"
Finished building: AVR-testowy.hex
 
Create eeprom image (ihex format)
avr-objcopy -j .eeprom --no-change-warnings --change-section-lma .eeprom=0 -O ihex AVR-testowy.elf  "AVR-testowy.eep"
Finished building: AVR-testowy.eep
 
Invoking: Print Size
avr-size --format=avr --mcu=atmega32 AVR-testowy.elf
AVR Memory Usage
----------------
Device: atmega32

Program:     158 bytes (0.5% Full)
(.text + .data + .bootloader)

Data:          0 bytes (0.0% Full)
(.data + .bss + .noinit)


Finished building: sizedummy
 
23:25:41 **** Incremental Build of configuration Release for project AVR-testowy ****
make all 
Building file: ../main.c
Invoking: AVR Compiler
avr-gcc -Wall -Os -fpack-struct -fshort-enums -ffunction-sections -fdata-sections -std=gnu99 -funsigned-char -funsigned-bitfields -mmcu=atmega32 -DF_CPU=8000000UL -MMD -MP -MF"main.d" -MT"main.o" -c -o "main.o" "../main.c"
Finished building: ../main.c
 
Building target: AVR-testowy.elf
Invoking: AVR C Linker
avr-gcc -Wl,-Map,AVR-testowy.map -mmcu=atmega32 -o "AVR-testowy.elf"  ./main.o   
Finished building target: AVR-testowy.elf
 
Invoking: AVR Create Extended Listing
avr-objdump -h -S AVR-testowy.elf  >"AVR-testowy.lss"
Finished building: AVR-testowy.lss
 
Create Flash image (ihex format)
avr-objcopy -R .eeprom -R .fuse -R .lock -R .signature -O ihex AVR-testowy.elf  "AVR-testowy.hex"
Finished building: AVR-testowy.hex
 
Create eeprom image (ihex format)
avr-objcopy -j .eeprom --no-change-warnings --change-section-lma .eeprom=0 -O ihex AVR-testowy.elf  "AVR-testowy.eep"
Finished building: AVR-testowy.eep
 
Invoking: Print Size
avr-size --format=avr --mcu=atmega32 AVR-testowy.elf
AVR Memory Usage
----------------
Device: atmega32

Program:     154 bytes (0.5% Full)
(.text + .data + .bootloader)

Data:          0 bytes (0.0% Full)
(.data + .bss + .noinit)


Finished building: sizedummy
 
23:02:09 **** Incremental Build of configuration Release for project AVR-testowy ****
make all 
Building file: ../main.c
Invoking: AVR Compiler
avr-gcc -Wall -Os -fpack-struct -fshort-enums -ffunction-sections -fdata-sections -std=gnu99 -funsigned-char -funsigned-bitfields -mmcu=atmega32 -DF_CPU=8000000UL -MMD -MP -MF"main.d" -MT"main.o" -c -o "main.o" "../main.c"
../main.c: In function 'main':
../main.c:56: error: expected declaration or statement at end of input
make: *** [main.o] Error 1
"make all" terminated with exit code 2. Build might be incomplete.
23:02:34 **** Incremental Build of configuration Release for project AVR-testowy ****
make all 
Building file: ../main.c
Invoking: AVR Compiler
avr-gcc -Wall -Os -fpack-struct -fshort-enums -ffunction-sections -fdata-sections -std=gnu99 -funsigned-char -funsigned-bitfields -mmcu=atmega32 -DF_CPU=8000000UL -MMD -MP -MF"main.d" -MT"main.o" -c -o "main.o" "../main.c"
Finished building: ../main.c
 
Building target: AVR-testowy.elf
Invoking: AVR C Linker
avr-gcc -Wl,-Map,AVR-testowy.map -mmcu=atmega32 -o "AVR-testowy.elf"  ./.metadata/.plugins/org.eclipse.cdt.make.core/specs.o  ./main.o   
Finished building target: AVR-testowy.elf
 
Invoking: AVR Create Extended Listing
avr-objdump -h -S AVR-testowy.elf  >"AVR-testowy.lss"
Finished building: AVR-testowy.lss
 
Create Flash image (ihex format)
avr-objcopy -R .eeprom -R .fuse -R .lock -R .signature -O ihex AVR-testowy.elf  "AVR-testowy.hex"
Finished building: AVR-testowy.hex
 
Create eeprom image (ihex format)
avr-objcopy -j .eeprom --no-change-warnings --change-section-lma .eeprom=0 -O ihex AVR-testowy.elf  "AVR-testowy.eep"
Finished building: AVR-testowy.eep
 
Invoking: Print Size
avr-size --format=avr --mcu=atmega32 AVR-testowy.elf
AVR Memory Usage
----------------
Device: atmega32

Program:     194 bytes (0.6% Full)
(.text + .data + .bootloader)

Data:          0 bytes (0.0% Full)
(.data + .bss + .noinit)


Finished building: sizedummy
 
13:14:07 **** Clean-only build of configuration Release for project AVR-testowy ****
make clean 
rm -rf  AVR-testowy.hex  ./.metadata/.plugins/org.eclipse.cdt.make.core/specs.o  ./main.o  AVR-testowy.eep  sizedummy  AVR-testowy.lss  ./.metadata/.plugins/org.eclipse.cdt.make.core/specs.d  ./main.d  AVR-testowy.elf
 
13:14:08 **** Incremental Build of configuration Release for project AVR-testowy ****
make all 
Building file: ../.metadata/.plugins/org.eclipse.cdt.make.core/specs.c
Invoking: AVR Compiler
avr-gcc -Wall -Os -fpack-struct -fshort-enums -ffunction-sections -fdata-sections -std=gnu99 -funsigned-char -funsigned-bitfields -mmcu=atmega32 -DF_CPU=8000000UL -MMD -MP -MF".metadata/.plugins/org.eclipse.cdt.make.core/specs.d" -MT".metadata/.plugins/org.eclipse.cdt.make.core/specs.o" -c -o ".metadata/.plugins/org.eclipse.cdt.make.core/specs.o" "../.metadata/.plugins/org.eclipse.cdt.make.core/specs.c"
Finished building: ../.metadata/.plugins/org.eclipse.cdt.make.core/specs.c
 
Building file: ../main.c
Invoking: AVR Compiler
avr-gcc -Wall -Os -fpack-struct -fshort-enums -ffunction-sections -fdata-sections -std=gnu99 -funsigned-char -funsigned-bitfields -mmcu=atmega32 -DF_CPU=8000000UL -MMD -MP -MF"main.d" -MT"main.o" -c -o "main.o" "../main.c"
Finished building: ../main.c
 
Building target: AVR-testowy.elf
Invoking: AVR C Linker
avr-gcc -Wl,-Map,AVR-testowy.map -mmcu=atmega32 -o "AVR-testowy.elf"  ./.metadata/.plugins/org.eclipse.cdt.make.core/specs.o  ./main.o   
Finished building target: AVR-testowy.elf
 
Invoking: AVR Create Extended Listing
avr-objdump -h -S AVR-testowy.elf  >"AVR-testowy.lss"
Finished building: AVR-testowy.lss
 
Create Flash image (ihex format)
avr-objcopy -R .eeprom -R .fuse -R .lock -R .signature -O ihex AVR-testowy.elf  "AVR-testowy.hex"
Finished building: AVR-testowy.hex
 
Create eeprom image (ihex format)
avr-objcopy -j .eeprom --no-change-warnings --change-section-lma .eeprom=0 -O ihex AVR-testowy.elf  "AVR-testowy.eep"
Finished building: AVR-testowy.eep
 
Invoking: Print Size
avr-size --format=avr --mcu=atmega32 AVR-testowy.elf
AVR Memory Usage
----------------
Device: atmega32

Program:     194 bytes (0.6% Full)
(.text + .data + .bootloader)

Data:          0 bytes (0.0% Full)
(.data + .bss + .noinit)


Finished building: sizedummy
 
